生成启动时间为 2017/6/7 22:29:07。
     1>项目“C:\Users\Administrator\Documents\Visual Studio 2010\Projects\Word\Word\Word.vcxproj”在节点 2 上(build 个目标)。
     1>InitializeBuildStatus:
         正在创建“Debug\Word.unsuccessfulbuild”，因为已指定“AlwaysCreate”。
       ClCompile:
         所有输出均为最新。
         所有输出均为最新。
       ResourceCompile:
         所有输出均为最新。
       Link:
         所有输出均为最新。
         Word.vcxproj -> C:\Users\Administrator\Documents\Visual Studio 2010\Projects\Word\Debug\Word.exe
       Manifest:
         所有输出均为最新。
       FinalizeBuildStatus:
         正在删除文件“Debug\Word.unsuccessfulbuild”。
         正在对“Debug\Word.lastbuildstate”执行 Touch 任务。
     1>已完成生成项目“C:\Users\Administrator\Documents\Visual Studio 2010\Projects\Word\Word\Word.vcxproj”(build 个目标)的操作。

生成成功。

已用时间 00:00:00.47
