C:\USERS\上官栋栋\DOCUMENTS\VISUAL STUDIO 2010\PROJECTS\WORD\DEBUG\WORD.EXE
C:\USERS\上官栋栋\DOCUMENTS\VISUAL STUDIO 2010\PROJECTS\WORD\DEBUG\WORD.ILK
C:\USERS\上官栋栋\DOCUMENTS\VISUAL STUDIO 2010\PROJECTS\WORD\DEBUG\WORD.PDB
C:\Users\上官栋栋\documents\visual studio 2010\Projects\Word\Word\Debug\cl.command.1.tlog
C:\Users\上官栋栋\documents\visual studio 2010\Projects\Word\Word\Debug\CL.read.1.tlog
C:\Users\上官栋栋\documents\visual studio 2010\Projects\Word\Word\Debug\CL.write.1.tlog
C:\Users\上官栋栋\documents\visual studio 2010\Projects\Word\Word\Debug\link.10556.read.1.tlog
C:\Users\上官栋栋\documents\visual studio 2010\Projects\Word\Word\Debug\link.10556.write.1.tlog
C:\Users\上官栋栋\documents\visual studio 2010\Projects\Word\Word\Debug\link.10556-cvtres.read.1.tlog
C:\Users\上官栋栋\documents\visual studio 2010\Projects\Word\Word\Debug\link.10556-cvtres.write.1.tlog
C:\Users\上官栋栋\documents\visual studio 2010\Projects\Word\Word\Debug\link.12136.read.1.tlog
C:\Users\上官栋栋\documents\visual studio 2010\Projects\Word\Word\Debug\link.12136.write.1.tlog
C:\Users\上官栋栋\documents\visual studio 2010\Projects\Word\Word\Debug\link.12136-cvtres.read.1.tlog
C:\Users\上官栋栋\documents\visual studio 2010\Projects\Word\Word\Debug\link.12136-cvtres.write.1.tlog
C:\Users\上官栋栋\documents\visual studio 2010\Projects\Word\Word\Debug\link.12568.read.1.tlog
C:\Users\上官栋栋\documents\visual studio 2010\Projects\Word\Word\Debug\link.12568.write.1.tlog
C:\Users\上官栋栋\documents\visual studio 2010\Projects\Word\Word\Debug\link.12568-cvtres.read.1.tlog
C:\Users\上官栋栋\documents\visual studio 2010\Projects\Word\Word\Debug\link.12568-cvtres.write.1.tlog
C:\Users\上官栋栋\documents\visual studio 2010\Projects\Word\Word\Debug\link.14296.read.1.tlog
C:\Users\上官栋栋\documents\visual studio 2010\Projects\Word\Word\Debug\link.14296.write.1.tlog
C:\Users\上官栋栋\documents\visual studio 2010\Projects\Word\Word\Debug\link.14296-cvtres.read.1.tlog
C:\Users\上官栋栋\documents\visual studio 2010\Projects\Word\Word\Debug\link.14296-cvtres.write.1.tlog
C:\Users\上官栋栋\documents\visual studio 2010\Projects\Word\Word\Debug\link.9204.read.1.tlog
C:\Users\上官栋栋\documents\visual studio 2010\Projects\Word\Word\Debug\link.9204.write.1.tlog
C:\Users\上官栋栋\documents\visual studio 2010\Projects\Word\Word\Debug\link.9204-cvtres.read.1.tlog
C:\Users\上官栋栋\documents\visual studio 2010\Projects\Word\Word\Debug\link.9204-cvtres.write.1.tlog
C:\Users\上官栋栋\documents\visual studio 2010\Projects\Word\Word\Debug\link.command.1.tlog
C:\Users\上官栋栋\documents\visual studio 2010\Projects\Word\Word\Debug\link.read.1.tlog
C:\Users\上官栋栋\documents\visual studio 2010\Projects\Word\Word\Debug\link.write.1.tlog
C:\Users\上官栋栋\documents\visual studio 2010\Projects\Word\Word\Debug\link-cvtres.read.1.tlog
C:\Users\上官栋栋\documents\visual studio 2010\Projects\Word\Word\Debug\link-cvtres.write.1.tlog
C:\Users\上官栋栋\documents\visual studio 2010\Projects\Word\Word\Debug\msword.tlh
C:\Users\上官栋栋\documents\visual studio 2010\Projects\Word\Word\Debug\msword.tli
C:\Users\上官栋栋\documents\visual studio 2010\Projects\Word\Word\Debug\mt.command.1.tlog
C:\Users\上官栋栋\documents\visual studio 2010\Projects\Word\Word\Debug\mt.read.1.tlog
C:\Users\上官栋栋\documents\visual studio 2010\Projects\Word\Word\Debug\mt.write.1.tlog
C:\USERS\上官栋栋\DOCUMENTS\VISUAL STUDIO 2010\PROJECTS\WORD\WORD\DEBUG\MYTABLE.OBJ
C:\Users\上官栋栋\documents\visual studio 2010\Projects\Word\Word\Debug\rc.command.1.tlog
C:\Users\上官栋栋\documents\visual studio 2010\Projects\Word\Word\Debug\rc.read.1.tlog
C:\Users\上官栋栋\documents\visual studio 2010\Projects\Word\Word\Debug\rc.write.1.tlog
C:\USERS\上官栋栋\DOCUMENTS\VISUAL STUDIO 2010\PROJECTS\WORD\WORD\DEBUG\STDAFX.OBJ
C:\USERS\上官栋栋\DOCUMENTS\VISUAL STUDIO 2010\PROJECTS\WORD\WORD\DEBUG\TABLEADAPT.OBJ
C:\Users\上官栋栋\documents\visual studio 2010\Projects\Word\Word\Debug\vc100.idb
C:\USERS\上官栋栋\DOCUMENTS\VISUAL STUDIO 2010\PROJECTS\WORD\WORD\DEBUG\VC100.PDB
C:\USERS\上官栋栋\DOCUMENTS\VISUAL STUDIO 2010\PROJECTS\WORD\WORD\DEBUG\WORD.EXE.EMBED.MANIFEST
C:\USERS\上官栋栋\DOCUMENTS\VISUAL STUDIO 2010\PROJECTS\WORD\WORD\DEBUG\WORD.EXE.EMBED.MANIFEST.RES
C:\USERS\上官栋栋\DOCUMENTS\VISUAL STUDIO 2010\PROJECTS\WORD\WORD\DEBUG\WORD.EXE.INTERMEDIATE.MANIFEST
C:\USERS\上官栋栋\DOCUMENTS\VISUAL STUDIO 2010\PROJECTS\WORD\WORD\DEBUG\WORD.OBJ
C:\USERS\上官栋栋\DOCUMENTS\VISUAL STUDIO 2010\PROJECTS\WORD\WORD\DEBUG\WORD.PCH
C:\USERS\上官栋栋\DOCUMENTS\VISUAL STUDIO 2010\PROJECTS\WORD\WORD\DEBUG\WORD.RES
C:\Users\上官栋栋\documents\visual studio 2010\Projects\Word\Word\Debug\Word.vcxprojResolveAssemblyReference.cache
C:\Users\上官栋栋\documents\visual studio 2010\Projects\Word\Word\Debug\Word.write.1.tlog
C:\Users\上官栋栋\documents\visual studio 2010\Projects\Word\Word\Debug\Word_manifest.rc
C:\USERS\上官栋栋\DOCUMENTS\VISUAL STUDIO 2010\PROJECTS\WORD\WORD\DEBUG\WORDDLG.OBJ
